<?xml version="1.0" encoding="UTF-8"?>
<!-- Generated by org.testng.reporters.JUnitReportReporter -->
<testsuite hostname="LAPTOP-GCMTO7F8" failures="0" tests="3" name="qaTest.NewTest" time="77.523" errors="0" timestamp="2024-02-18T19:16:37 IST" skipped="0">
  <testcase classname="qaTest.NewTest" name="SampleMethodForEntringCredential" time="36.137"/>
  <system-out/>
  <testcase classname="qaTest.NewTest" name="SampleMethodForEntringCredential" time="19.292"/>
  <system-out/>
  <testcase classname="qaTest.NewTest" name="SampleMethodForEntringCredential" time="22.094"/>
  <system-out/>
</testsuite> <!-- qaTest.NewTest -->
