<?xml version="1.0" encoding="UTF-8"?>
<!-- Generated by org.testng.reporters.JUnitReportReporter -->
<testsuite hostname="LAPTOP-GCMTO7F8" failures="0" tests="1" name="qaTest.AfterLoginTest" time="17.025" errors="0" timestamp="2024-02-18T20:04:56 IST" skipped="0">
  <testcase classname="qaTest.AfterLoginTest" name="loginintoHomePage" time="17.025"/>
  <system-out/>
</testsuite> <!-- qaTest.AfterLoginTest -->
