<?xml version="1.0" encoding="UTF-8"?>
<!-- Generated by org.testng.reporters.JUnitReportReporter -->
<testsuite hostname="LAPTOP-GCMTO7F8" failures="0" tests="1" name="qaTest.AfterLoginTest" time="24.214" errors="0" timestamp="2024-02-18T19:14:36 IST" skipped="0">
  <testcase classname="qaTest.AfterLoginTest" name="loginintoHomePage" time="24.214"/>
  <system-out/>
</testsuite> <!-- qaTest.AfterLoginTest -->
