<?xml version="1.0" encoding="UTF-8"?>
<!-- Generated by org.testng.reporters.JUnitReportReporter -->
<testsuite hostname="LAPTOP-GCMTO7F8" failures="0" tests="3" name="qaTest.NewTest" time="51.147" errors="0" timestamp="2024-02-18T13:11:39 IST" skipped="0">
  <testcase classname="qaTest.NewTest" name="SampleMethodForEntringCredential" time="17.157"/>
  <system-out/>
  <testcase classname="qaTest.NewTest" name="SampleMethodForEntringCredential" time="16.100"/>
  <system-out/>
  <testcase classname="qaTest.NewTest" name="SampleMethodForEntringCredential" time="17.890"/>
  <system-out/>
</testsuite> <!-- qaTest.NewTest -->
